This is pdfTeXk, Version 3.141592-1.40.3 (Web2C 7.5.6) (format=latex 2010.6.24)  26 JUN 2010 09:21
entering extended mode
 %&-line parsing enabled.
**sarf.tex
(./sarf.tex
LaTeX2e <2005/12/01>
Babel <v3.8h> and hyphenation patterns for english, usenglishmax, dumylang, noh
yphenation, arabic, farsi, loaded.
(/usr/share/texmf-texlive/tex/latex/base/article.cls
Document Class: article 2005/09/16 v1.4f Standard LaTeX document class
(/usr/share/texmf-texlive/tex/latex/base/size11.clo
File: size11.clo 2005/09/16 v1.4f Standard LaTeX file (size option)
)
\c@part=\count79
\c@section=\count80
\c@subsection=\count81
\c@subsubsection=\count82
\c@paragraph=\count83
\c@subparagraph=\count84
\c@figure=\count85
\c@table=\count86
\abovecaptionskip=\skip41
\belowcaptionskip=\skip42
\bibindent=\dimen102
)
(/usr/share/texmf-texlive/tex/latex/arabtex/arabtex.sty
(/usr/share/texmf-texlive/tex/latex/arabtex/aconfig.sty
LaTeX2e detected 
BABEL detected
\a@moduledate=\count87
\a@maindate=\count88
)
(/usr/share/texmf-texlive/tex/latex/arabtex/arabaux.sty)
(/usr/share/texmf-texlive/tex/latex/arabtex/acmd.sty)
(/usr/share/texmf-texlive/tex/latex/arabtex/afonts.sty
(/usr/share/texmf-texlive/tex/latex/arabtex/afonts2.sty))
(/usr/share/texmf-texlive/tex/latex/arabtex/ascan.sty
(ArabTeX) scanner for code `arabtex' installed.
(ArabTeX) input encoding set to ArabTeX standard conventions.)
(/usr/share/texmf-texlive/tex/latex/arabtex/aparse.sty)
(/usr/share/texmf-texlive/tex/latex/arabtex/awrite.sty
(/usr/share/texmf-texlive/tex/latex/arabtex/xarbsymb.sty)
(/usr/share/texmf-texlive/tex/latex/arabtex/arabskel.sty)
(/usr/share/texmf-texlive/tex/latex/arabtex/xarbskel.sty)
(/usr/share/texmf-texlive/tex/latex/arabtex/aboxes.sty)
(/usr/share/texmf-texlive/tex/latex/arabtex/arabtoks.sty)
(/usr/share/texmf-texlive/tex/latex/arabtex/arabchrs.sty))
(/usr/share/texmf-texlive/tex/latex/arabtex/aligs.sty)
(/usr/share/texmf-texlive/tex/latex/arabtex/aoutput.sty)
(/usr/share/texmf-texlive/tex/latex/arabtex/abidir.sty)
(/usr/share/texmf-texlive/tex/latex/arabtex/atrans.sty
(ArabTeX) ZDMG transliteration.)
(/usr/share/texmf-texlive/tex/latex/arabtex/alatex.sty
(/usr/share/texmf-texlive/tex/latex/arabtex/afoot.sty))
(/usr/share/texmf-texlive/tex/latex/arabtex/abjad.sty)
(/usr/share/texmf-texlive/tex/latex/arabtex/apatch.sty
(/usr/share/texmf-texlive/tex/latex/arabtex/alists.sty)
(/usr/share/texmf-texlive/tex/latex/arabtex/asect.sty)
(/usr/share/texmf-texlive/tex/latex/arabtex/atabg.sty)
(/usr/share/texmf-texlive/tex/latex/arabtex/alocal.sty
(ArabTeX) 3.11 local stub, 26.02.2006))
Arabic processor `ArabTeX' [20060702 patch level 3.11s (02.07.2006)]
(ArabTeX) ... now be patient ... ) (./naaclhlt2010.sty
Conference Style for NAACL-HLT 2010 -- released November 16, 2009
\titlebox=\skip45
) (/usr/share/texmf-texlive/tex/latex/amsmath/amsmath.sty
Package: amsmath 2000/07/18 v2.13 AMS math features
\@mathmargin=\skip46

For additional information on amsmath, use the `?' option.
(/usr/share/texmf-texlive/tex/latex/amsmath/amstext.sty
Package: amstext 2000/06/29 v2.01

(/usr/share/texmf-texlive/tex/latex/amsmath/amsgen.sty
File: amsgen.sty 1999/11/30 v2.0
\@emptytoks=\toks34
\ex@=\dimen125
))
(/usr/share/texmf-texlive/tex/latex/amsmath/amsbsy.sty
Package: amsbsy 1999/11/29 v1.2d
\pmbraise@=\dimen126
)
(/usr/share/texmf-texlive/tex/latex/amsmath/amsopn.sty
Package: amsopn 1999/12/14 v2.01 operator names
)
\inf@bad=\count118
LaTeX Info: Redefining \frac on input line 211.
\uproot@=\count119
\leftroot@=\count120
LaTeX Info: Redefining \overline on input line 307.
\classnum@=\count121
\DOTSCASE@=\count122
LaTeX Info: Redefining \ldots on input line 379.
LaTeX Info: Redefining \dots on input line 382.
LaTeX Info: Redefining \cdots on input line 467.
\Mathstrutbox@=\box41
\strutbox@=\box42
\big@size=\dimen127
LaTeX Font Info:    Redeclaring font encoding OML on input line 567.
LaTeX Font Info:    Redeclaring font encoding OMS on input line 568.
\macc@depth=\count123
\c@MaxMatrixCols=\count124
\dotsspace@=\muskip10
\c@parentequation=\count125
\dspbrk@lvl=\count126
\tag@help=\toks35
\row@=\count127
\column@=\count128
\maxfields@=\count129
\andhelp@=\toks36
\eqnshift@=\dimen128
\alignsep@=\dimen129
\tagshift@=\dimen130
\tagwidth@=\dimen131
\totwidth@=\dimen132
\lineht@=\dimen133
\@envbody=\toks37
\multlinegap=\skip47
\multlinetaggap=\skip48
\mathdisplay@stack=\toks38
LaTeX Info: Redefining \[ on input line 2666.
LaTeX Info: Redefining \] on input line 2667.
)
(/usr/share/texmf-texlive/tex/latex/amsfonts/amssymb.sty
Package: amssymb 2002/01/22 v2.2d

(/usr/share/texmf-texlive/tex/latex/amsfonts/amsfonts.sty
Package: amsfonts 2001/10/25 v2.2f
\symAMSa=\mathgroup4
\symAMSb=\mathgroup5
LaTeX Font Info:    Overwriting math alphabet `\mathfrak' in version `bold'
(Font)                  U/euf/m/n --> U/euf/b/n on input line 132.
))
(/usr/share/texmf-texlive/tex/latex/psnfss/times.sty
Package: times 2005/04/12 PSNFSS-v9.2a (SPQR) 
)
(/usr/share/texmf-texlive/tex/latex/caption/caption.sty
Package: caption 2007/01/07 v3.0k Customising captions (AR)

(/usr/share/texmf-texlive/tex/latex/caption/caption3.sty
Package: caption3 2007/01/07 v3.0k caption3 kernel (AR)

(/usr/share/texmf-texlive/tex/latex/graphics/keyval.sty
Package: keyval 1999/03/16 v1.13 key=value parser (DPC)
\KV@toks@=\toks39
)
\captionmargin=\dimen134
\captionmarginx=\dimen135
\captionwidth=\dimen136
\captionindent=\dimen137
\captionparindent=\dimen138
\captionhangindent=\dimen139
))
(/usr/share/texmf-texlive/tex/latex/graphics/epsfig.sty
Package: epsfig 1999/02/16 v1.7a (e)psfig emulation (SPQR)

(/usr/share/texmf-texlive/tex/latex/graphics/graphicx.sty
Package: graphicx 1999/02/16 v1.0f Enhanced LaTeX Graphics (DPC,SPQR)

(/usr/share/texmf-texlive/tex/latex/graphics/graphics.sty
Package: graphics 2006/02/20 v1.0o Standard LaTeX Graphics (DPC,SPQR)

(/usr/share/texmf-texlive/tex/latex/graphics/trig.sty
Package: trig 1999/03/16 v1.09 sin cos tan (DPC)
)
(/etc/texmf/tex/latex/config/graphics.cfg
File: graphics.cfg 2007/01/18 v1.5 graphics configuration of teTeX/TeXLive
)
Package graphics Info: Driver file: dvips.def on input line 90.

(/usr/share/texmf-texlive/tex/latex/graphics/dvips.def
File: dvips.def 1999/02/16 v3.0i Driver-dependant file (DPC,SPQR)
))
\Gin@req@height=\dimen140
\Gin@req@width=\dimen141
)
\epsfxsize=\dimen142
\epsfysize=\dimen143
) (./subfigure.sty
Package: subfigure 1995/03/06 v2.0 subfigure package

Package: subfigure 1995/03/06 v2.0
\c@subfigure=\count130
\c@lofdepth=\count131
\c@subtable=\count132
\c@lotdepth=\count133
) (/usr/share/texmf-texlive/tex/latex/graphics/color.sty
Package: color 2005/11/14 v1.0j Standard LaTeX Color (DPC)

(/etc/texmf/tex/latex/config/color.cfg
File: color.cfg 2007/01/18 v1.5 color configuration of teTeX/TeXLive
)
Package color Info: Driver file: dvips.def on input line 130.

(/usr/share/texmf-texlive/tex/latex/graphics/dvipsnam.def
File: dvipsnam.def 1999/02/16 v3.0i Driver-dependant file (DPC,SPQR)
))
(/usr/share/texmf-texlive/tex/generic/dvips/rotate.sty
\@rotdimen=\dimen144
\@rotbox=\box43
)
(/usr/share/texmf-texlive/tex/latex/rotating/rotating.sty
Package: rotating 1997/09/26, v2.13 Rotation package

(/usr/share/texmf-texlive/tex/latex/base/ifthen.sty
Package: ifthen 2001/05/26 v1.1c Standard LaTeX ifthen package (DPC)
)
\c@r@tfl@t=\count134
\rot@float@box=\box44
)
(/usr/share/texmf-texlive/tex/latex/multirow/multirow.sty
\bigstrutjot=\dimen145
)
(/usr/share/texmf-texlive/tex/latex/amscls/amsthm.sty
Package: amsthm 2004/08/06 v2.20
\thm@style=\toks40
\thm@bodyfont=\toks41
\thm@headfont=\toks42
\thm@notefont=\toks43
\thm@headpunct=\toks44
\thm@preskip=\skip49
\thm@postskip=\skip50
\thm@headsep=\skip51
\dth@everypar=\toks45
)
(/usr/share/texmf-texlive/tex/latex/ltxmisc/relsize.sty
Package: relsize 2003/07/04 ver 3.1
)
(/usr/share/texmf-texlive/tex/latex/fancyvrb/fancyvrb.sty
Package: fancyvrb 1998/07/17

Style option: `fancyvrb' v2.6, with DG/SPQR fixes <1998/07/17> (tvz)
\FV@CodeLineNo=\count135
\FV@InFile=\read1
\FV@TabBox=\box45
\c@FancyVerbLine=\count136
\FV@StepNumber=\count137
\FV@OutFile=\write5

No file fancyvrb.cfg.
) (/usr/share/texmf-texlive/tex/latex/base/latexsym.sty
Package: latexsym 1998/08/17 v2.2e Standard LaTeX package (lasy symbols)
\symlasy=\mathgroup6
LaTeX Font Info:    Overwriting symbol font `lasy' in version `bold'
(Font)                  U/lasy/m/n --> U/lasy/b/n on input line 47.
)
(/usr/share/texmf-texlive/tex/latex/hyperref/hyperref.sty
Package: hyperref 2007/02/07 v6.75r Hypertext links for LaTeX
\@linkdim=\dimen146
\Hy@linkcounter=\count138
\Hy@pagecounter=\count139

(/usr/share/texmf-texlive/tex/latex/hyperref/pd1enc.def
File: pd1enc.def 2007/02/07 v6.75r Hyperref: PDFDocEncoding definition (HO)
)
(/etc/texmf/tex/latex/config/hyperref.cfg
File: hyperref.cfg 2002/06/06 v1.2 hyperref configuration of TeXLive
)
(/usr/share/texmf-texlive/tex/latex/oberdiek/kvoptions.sty
Package: kvoptions 2006/08/22 v2.4 Connects package keyval with LaTeX options (
HO)
)
Package hyperref Info: Option `colorlinks' set `false' on input line 2238.
Package hyperref Info: Hyper figures OFF on input line 2288.
Package hyperref Info: Link nesting OFF on input line 2293.
Package hyperref Info: Hyper index ON on input line 2296.
Package hyperref Info: Plain pages OFF on input line 2303.
Package hyperref Info: Backreferencing OFF on input line 2308.

Implicit mode ON; LaTeX internals redefined
Package hyperref Info: Bookmarks ON on input line 2444.
(/usr/share/texmf-texlive/tex/latex/ltxmisc/url.sty
\Urlmuskip=\muskip11
Package: url 2005/06/27  ver 3.2  Verb mode for urls, etc.
)
LaTeX Info: Redefining \url on input line 2599.
\Fld@menulength=\count140
\Field@Width=\dimen147
\Fld@charsize=\dimen148
\Choice@toks=\toks46
\Field@toks=\toks47
Package hyperref Info: Hyper figures OFF on input line 3102.
Package hyperref Info: Link nesting OFF on input line 3107.
Package hyperref Info: Hyper index ON on input line 3110.
Package hyperref Info: backreferencing OFF on input line 3117.
Package hyperref Info: Link coloring OFF on input line 3122.
\Hy@abspage=\count141
\c@Item=\count142
\c@Hfootnote=\count143
)
*hyperref using default driver hdvips*
(/usr/share/texmf-texlive/tex/latex/hyperref/hdvips.def
File: hdvips.def 2007/02/07 v6.75r Hyperref driver for dvips

(/usr/share/texmf-texlive/tex/latex/hyperref/pdfmark.def
File: pdfmark.def 2007/02/07 v6.75r Hyperref definitions for pdfmark specials
\pdf@docset=\toks48
\pdf@box=\box46
\pdf@toks=\toks49
\pdf@defaulttoks=\toks50
\Fld@listcount=\count144
))
(/usr/share/texmf-texlive/tex/latex/arabtex/utf8.sty
(/usr/share/texmf-texlive/tex/latex/arabtex/utfcode.sty
Package: utfcode 2002/03/07  3.10a Arabic+Hebrew segment of UTF-8
\u@lb=\count145
\u@lq=\count146
)
Package: utf8 2000/06/13  3.10 UTF-8 input encoding 

(ArabTeX) scanner for code UTF-8 installed.) (./sarf.aux)
\openout1 = `sarf.aux'.

LaTeX Font Info:    Checking defaults for OML/cmm/m/it on input line 53.
LaTeX Font Info:    ... okay on input line 53.
LaTeX Font Info:    Checking defaults for T1/cmr/m/n on input line 53.
LaTeX Font Info:    ... okay on input line 53.
LaTeX Font Info:    Checking defaults for OT1/cmr/m/n on input line 53.
LaTeX Font Info:    ... okay on input line 53.
LaTeX Font Info:    Checking defaults for OMS/cmsy/m/n on input line 53.
LaTeX Font Info:    ... okay on input line 53.
LaTeX Font Info:    Checking defaults for OMX/cmex/m/n on input line 53.
LaTeX Font Info:    ... okay on input line 53.
LaTeX Font Info:    Checking defaults for U/cmr/m/n on input line 53.
LaTeX Font Info:    ... okay on input line 53.
LaTeX Font Info:    Checking defaults for PD1/pdf/m/n on input line 53.
LaTeX Font Info:    ... okay on input line 53.
LaTeX Font Info:    Try loading font information for OT1+ptm on input line 53.

(/usr/share/texmf-texlive/tex/latex/psnfss/ot1ptm.fd
File: ot1ptm.fd 2001/06/04 font definitions for OT1/ptm.
)
(/usr/share/texmf-texlive/tex/latex/ragged2e/ragged2e.sty
Package: ragged2e 2003/03/25 v2.04 ragged2e Package (MS)

(/usr/share/texmf-texlive/tex/latex/everysel/everysel.sty
Package: everysel 1999/06/08 v1.03 EverySelectfont Package (MS)
LaTeX Info: Redefining \selectfont on input line 125.
)
\CenteringLeftskip=\skip52
\RaggedLeftLeftskip=\skip53
\RaggedRightLeftskip=\skip54
\CenteringRightskip=\skip55
\RaggedLeftRightskip=\skip56
\RaggedRightRightskip=\skip57
\CenteringParfillskip=\skip58
\RaggedLeftParfillskip=\skip59
\RaggedRightParfillskip=\skip60
\JustifyingParfillskip=\skip61
\CenteringParindent=\skip62
\RaggedLeftParindent=\skip63
\RaggedRightParindent=\skip64
\JustifyingParindent=\skip65
)
Package caption Info: hyperref package v6.74m (or newer) detected on input line
 53.
Package caption Info: rotating package v2.0 (or newer) detected on input line 5
3.
Package hyperref Info: Link coloring OFF on input line 53.

(/usr/share/texmf-texlive/tex/latex/hyperref/nameref.sty
Package: nameref 2006/12/27 v2.28 Cross-referencing by name of section

(/usr/share/texmf-texlive/tex/latex/oberdiek/refcount.sty
Package: refcount 2006/02/20 v3.0 Data extraction from references (HO)
)
\c@section@level=\count147
)
LaTeX Info: Redefining \ref on input line 53.
LaTeX Info: Redefining \pageref on input line 53.
 (./sarf.out)
(./sarf.out)
\@outlinefile=\write6
\openout6 = `sarf.out'.

 (/usr/share/texmf-texlive/tex/latex/arabtex/apatch.sty
\a@lines=\count148
\a@Lwidth=\dimen149
\a@displaywidth=\dimen150

(/usr/share/texmf-texlive/tex/latex/arabtex/alocal.sty
(ArabTeX) 3.11 local stub, 26.02.2006)
(ArabTeX) version 3.11s (02.07.2006): second phase of patching)
LaTeX Font Info:    Font shape `OT1/ptm/bx/n' in size <14.4> not available
(Font)              Font shape `OT1/ptm/b/n' tried instead on input line 55.
LaTeX Font Info:    Try loading font information for U+msa on input line 55.

(/usr/share/texmf-texlive/tex/latex/amsfonts/umsa.fd
File: umsa.fd 2002/01/19 v2.2g AMS font definitions
)
LaTeX Font Info:    Try loading font information for U+msb on input line 55.

(/usr/share/texmf-texlive/tex/latex/amsfonts/umsb.fd
File: umsb.fd 2002/01/19 v2.2g AMS font definitions
)
LaTeX Font Info:    Try loading font information for U+lasy on input line 55.

(/usr/share/texmf-texlive/tex/latex/base/ulasy.fd
File: ulasy.fd 1998/08/17 v2.2e LaTeX symbol font definitions
)
LaTeX Font Info:    Font shape `OT1/ptm/bx/n' in size <12> not available
(Font)              Font shape `OT1/ptm/b/n' tried instead on input line 55.


LaTeX Warning: No \author given.

LaTeX Font Info:    Font shape `OT1/ptm/bx/n' in size <10.95> not available
(Font)              Font shape `OT1/ptm/b/n' tried instead on input line 86.

LaTeX Warning: Citation `Sughaiyer:04' on page 1 undefined on input line 86.

LaTeX Font Info:    Try loading font information for U+xnsh on input line 96.
(/usr/share/texmf-texlive/tex/latex/arabtex/Uxnsh.fd
File: uxnsh.fd  1999/10/19 v3.10 ArabTeX Naskh extd. font definitions
)
LaTeX Font Info:    Font shape `U/xnsh/m/n' will be
(Font)              scaled to size 15.76802pt on input line 96.


LaTeX Warning: Citation `Buckwalter:04' on page 1 undefined on input line 124.


Underfull \vbox (badness 10000) has occurred while \output is active []

 [1




]

LaTeX Warning: Citation `Buckwalter:02' on page 2 undefined on input line 129.


LaTeX Warning: Citation `Beesley:01' on page 2 undefined on input line 130.


LaTeX Warning: Citation `Kulick:10' on page 2 undefined on input line 130.


LaTeX Warning: Citation `Otakar:07' on page 2 undefined on input line 131.


LaTeX Warning: Citation `Kulick:10' on page 2 undefined on input line 132.


LaTeX Warning: Citation `Maamouri:10' on page 2 undefined on input line 137.


LaTeX Warning: Citation `Diab:07' on page 2 undefined on input line 140.


LaTeX Warning: Citation `Benajiba:07' on page 2 undefined on input line 140.


LaTeX Warning: Citation `Habash:05' on page 2 undefined on input line 141.


LaTeX Warning: Citation `Habash:09' on page 2 undefined on input line 141.


LaTeX Warning: Citation `Maamouri:10' on page 2 undefined on input line 162.


LaTeX Warning: Citation `Maamouri:04' on page 2 undefined on input line 163.


LaTeX Warning: Citation `Kulick:10' on page 2 undefined on input line 166.


LaTeX Warning: Citation `Habash:06' on page 2 undefined on input line 167.


LaTeX Warning: Citation `IbnHanbal' on page 2 undefined on input line 227.


LaTeX Warning: Citation `AlTousi' on page 2 undefined on input line 227.


LaTeX Warning: Citation `AlKulayni' on page 2 undefined on input line 227.


Underfull \vbox (badness 10000) has occurred while \output is active []

 [2]

LaTeX Warning: Citation `Buckwalter:02' on page 3 undefined on input line 248.


LaTeX Warning: Reference `sec:future' on page 3 undefined on input line 270.


LaTeX Warning: Citation `Sughaiyer:04' on page 3 undefined on input line 281.


LaTeX Warning: Citation `Khoja:01' on page 3 undefined on input line 283.


LaTeX Warning: Citation `Darwish:02' on page 3 undefined on input line 283.


LaTeX Warning: Citation `Buckwalter:02' on page 3 undefined on input line 292.


LaTeX Warning: Citation `Beesley:01' on page 3 undefined on input line 308.


LaTeX Warning: Citation `Maamouri:10' on page 3 undefined on input line 335.


LaTeX Warning: Citation `Maamouri:04' on page 3 undefined on input line 337.

[3]

LaTeX Warning: Citation `Diab:07' on page 4 undefined on input line 347.


LaTeX Warning: Citation `Otakar:07' on page 4 undefined on input line 353.


LaTeX Warning: Citation `Badawi:04' on page 4 undefined on input line 360.


LaTeX Warning: Citation `Buckwalter:02' on page 4 undefined on input line 371.

(./psfigs/FSM.pstex_t
File: psfigs/FSM.pstex Graphic file (type eps)
 <psfigs/FSM.pstex>
LaTeX Font Info:    Font shape `U/xnsh/m/n' will be
(Font)              scaled to size 17.28003pt on input line 14.
LaTeX Font Info:    Try loading font information for OT1+phv on input line 40.

(/usr/share/texmf-texlive/tex/latex/psnfss/ot1phv.fd
File: ot1phv.fd 2001/06/04 scalable font definitions for OT1/phv.
))
LaTeX Font Info:    Font shape `U/xnsh/m/n' will be
(Font)              scaled to size 12.96002pt on input line 421.

Underfull \vbox (badness 10000) has occurred while \output is active []


Overfull \vbox (29.83191pt too high) has occurred while \output is active []


[4]

LaTeX Warning: Citation `Buckwalter:02' on page 5 undefined on input line 506.


Underfull \vbox (badness 10000) has occurred while \output is active []


Underfull \vbox (badness 10000) has occurred while \output is active []

 [5]

LaTeX Warning: Citation `Buckwalter:02' on page 6 undefined on input line 551.


LaTeX Warning: Citation `Aoe:89' on page 6 undefined on input line 581.


Underfull \vbox (badness 1132) has occurred while \output is active []


(./psfigs/abstract_machine.pstex_t
File: psfigs/abstract_machine.pstex Graphic file (type eps)
 <psfigs/abstract_machine.pstex>)
LaTeX Font Info:    Try loading font information for OT1+pcr on input line 615.


(/usr/share/texmf-texlive/tex/latex/psnfss/ot1pcr.fd
File: ot1pcr.fd 2001/06/04 font definitions for OT1/pcr.
)
LaTeX Font Info:    Try loading font information for OMS+pcr on input line 656.


(/usr/share/texmf-texlive/tex/latex/psnfss/omspcr.fd
File: omspcr.fd 
)
LaTeX Font Info:    Font shape `OMS/pcr/m/n' in size <9> not available
(Font)              Font shape `OMS/cmsy/m/n' tried instead on input line 656.


LaTeX Warning: Citation `IbnHanbal' on page 6 undefined on input line 690.


LaTeX Warning: Citation `AlKulayni' on page 6 undefined on input line 690.


LaTeX Warning: Citation `AlTousi' on page 6 undefined on input line 690.

[6]
Underfull \vbox (badness 10000) has occurred while \output is active []


Underfull \vbox (badness 10000) has occurred while \output is active []

 [7]
(./psfigs/hadith.pstex_t
File: psfigs/hadith.pstex Graphic file (type eps)
 <psfigs/hadith.pstex>)
Underfull \hbox (badness 2111) in paragraph at lines 813--818
[]\OT1/ptm/m/n/10.95 In gen-eral, we ob-serve that the re-fine-ments
 []

[8]

LaTeX Warning: Citation `Otakar:07' on page 9 undefined on input line 926.

(./sarf.bbl) [9] [10] (./sarf.aux)

 *File List*
 article.cls    2005/09/16 v1.4f Standard LaTeX document class
  size11.clo    2005/09/16 v1.4f Standard LaTeX file (size option)
 arabtex.sty    2003/08/22  3.11 ArabTeX main module
 arabaux.sty    2003/05/21  3.11 auxiliary macros for ArabTeX
    acmd.sty    2003/08/20  3.11 Arabic command processing 
  afonts.sty    1995/11/16  3.04 define Naskh font 
 afonts2.sty    1998/10/19  3.10 define Naskh fonts for LaTeX2e
   ascan.sty    2003/08/22  3.11 standard ZDMG input encoding 
  aparse.sty    2003/05/26  3.11 get syllables 
  awrite.sty    2003/06/05  3.11 build output word 
xarbsymb.sty    1998/07/15  3.07 symbolic output encoding 
arabskel.sty    2000/06/04  3.10 character skeleton definitions 
xarbskel.sty    1999/07/17  3.09 character skeleton definitions 
  aboxes.sty    2003/05/28  3.11 build output boxes
arabtoks.sty    1999/07/17  3.09 ArabTeX CS token definitions 
arabchrs.sty    1998/07/11  3.07 letter token definitions 
   aligs.sty    2003/05/26  3.11 compute ligatures
 aoutput.sty    2000/06/04  3.10 build output lines
  abidir.sty    2003/08/22  3.11 bidirectional linebreaking
  atrans.sty    2003/06/14  3.11 generate the transliteration 
  alatex.sty    2003/05/04  3.11 ArabTeX extensions for LaTeX 
   afoot.sty    2003/05/12  3.11 ArabTeX footnotes
   abjad.sty    2003/04/26  3.11 abjad numerals 
  apatch.sty    2006/07/02  3.11s last minute patches 
  alists.sty    2003/04/26  3.11 inverted list macros
   asect.sty    2003/04/26  3.11 section macros for Arabic
   atabg.sty    1997/01/21  3.05 LaTeX tabbing macros for Arabic
naaclhlt2010.sty    
 amsmath.sty    2000/07/18 v2.13 AMS math features
 amstext.sty    2000/06/29 v2.01
  amsgen.sty    1999/11/30 v2.0
  amsbsy.sty    1999/11/29 v1.2d
  amsopn.sty    1999/12/14 v2.01 operator names
 amssymb.sty    2002/01/22 v2.2d
amsfonts.sty    2001/10/25 v2.2f
   times.sty    2005/04/12 PSNFSS-v9.2a (SPQR) 
 caption.sty    2007/01/07 v3.0k Customising captions (AR)
caption3.sty    2007/01/07 v3.0k caption3 kernel (AR)
  keyval.sty    1999/03/16 v1.13 key=value parser (DPC)
  epsfig.sty    1999/02/16 v1.7a (e)psfig emulation (SPQR)
graphicx.sty    1999/02/16 v1.0f Enhanced LaTeX Graphics (DPC,SPQR)
graphics.sty    2006/02/20 v1.0o Standard LaTeX Graphics (DPC,SPQR)
    trig.sty    1999/03/16 v1.09 sin cos tan (DPC)
graphics.cfg    2007/01/18 v1.5 graphics configuration of teTeX/TeXLive
   dvips.def    1999/02/16 v3.0i Driver-dependant file (DPC,SPQR)
subfigure.sty    1995/03/06 v2.0 subfigure package
   color.sty    2005/11/14 v1.0j Standard LaTeX Color (DPC)
   color.cfg    2007/01/18 v1.5 color configuration of teTeX/TeXLive
dvipsnam.def    1999/02/16 v3.0i Driver-dependant file (DPC,SPQR)
  rotate.sty    
rotating.sty    1997/09/26, v2.13 Rotation package
  ifthen.sty    2001/05/26 v1.1c Standard LaTeX ifthen package (DPC)
multirow.sty    
  amsthm.sty    2004/08/06 v2.20
 relsize.sty    2003/07/04 ver 3.1
fancyvrb.sty    1998/07/17
latexsym.sty    1998/08/17 v2.2e Standard LaTeX package (lasy symbols)
hyperref.sty    2007/02/07 v6.75r Hypertext links for LaTeX
  pd1enc.def    2007/02/07 v6.75r Hyperref: PDFDocEncoding definition (HO)
hyperref.cfg    2002/06/06 v1.2 hyperref configuration of TeXLive
kvoptions.sty    2006/08/22 v2.4 Connects package keyval with LaTeX options (HO
)
     url.sty    2005/06/27  ver 3.2  Verb mode for urls, etc.
  hdvips.def    2007/02/07 v6.75r Hyperref driver for dvips
 pdfmark.def    2007/02/07 v6.75r Hyperref definitions for pdfmark specials
    utf8.sty    2000/06/13  3.10 UTF-8 input encoding 
 utfcode.sty    2002/03/07  3.10a Arabic+Hebrew segment of UTF-8
  ot1ptm.fd    2001/06/04 font definitions for OT1/ptm.
ragged2e.sty    2003/03/25 v2.04 ragged2e Package (MS)
everysel.sty    1999/06/08 v1.03 EverySelectfont Package (MS)
 nameref.sty    2006/12/27 v2.28 Cross-referencing by name of section
refcount.sty    2006/02/20 v3.0 Data extraction from references (HO)
    sarf.out
    sarf.out
  apatch.sty    2006/07/02  3.11s last minute patches 
    umsa.fd    2002/01/19 v2.2g AMS font definitions
    umsb.fd    2002/01/19 v2.2g AMS font definitions
   ulasy.fd    1998/08/17 v2.2e LaTeX symbol font definitions
   Uxnsh.fd
psfigs/FSM.pstex_t
psfigs/FSM.pstex
  ot1phv.fd    2001/06/04 scalable font definitions for OT1/phv.
psfigs/abstract_machine.pstex_t
psfigs/abstract_machine.pstex
  ot1pcr.fd    2001/06/04 font definitions for OT1/pcr.
  omspcr.fd    
psfigs/hadith.pstex_t
psfigs/hadith.pstex
    sarf.bbl
 ***********


LaTeX Warning: There were undefined references.

 ) 
Here is how much of TeX's memory you used:
 7329 strings out of 95078
 92374 string characters out of 1182998
 177548 words of memory out of 1500000
 10282 multiletter control sequences out of 10000+50000
 21932 words of font info for 78 fonts, out of 1200000 for 2000
 28 hyphenation exceptions out of 8191
 35i,17n,40p,291b,515s stack positions out of 5000i,500n,6000p,200000b,5000s

Output written on sarf.dvi (10 pages, 72740 bytes).
